23-Feb-2018 19:26:41.297 INFO [main] org.apache.catalina.startup.VersionLoggerListener.log Server version:        Apache Tomcat/9.0.5
23-Feb-2018 19:26:41.299 INFO [main] org.apache.catalina.startup.VersionLoggerListener.log Server built:          Feb 6 2018 21:42:23 UTC
23-Feb-2018 19:26:41.299 INFO [main] org.apache.catalina.startup.VersionLoggerListener.log Server number:         9.0.5.0
23-Feb-2018 19:26:41.299 INFO [main] org.apache.catalina.startup.VersionLoggerListener.log OS Name:               Linux
23-Feb-2018 19:26:41.299 INFO [main] org.apache.catalina.startup.VersionLoggerListener.log OS Version:            3.10.0-693.17.1.el7.x86_64
23-Feb-2018 19:26:41.299 INFO [main] org.apache.catalina.startup.VersionLoggerListener.log Architecture:          amd64
23-Feb-2018 19:26:41.299 INFO [main] org.apache.catalina.startup.VersionLoggerListener.log Java Home:             /usr/lib/jvm/java-1.8.0-openjdk-1.8.0.161-0.b14.el7_4.x86_64/jre
23-Feb-2018 19:26:41.299 INFO [main] org.apache.catalina.startup.VersionLoggerListener.log JVM Version:           1.8.0_161-b14
23-Feb-2018 19:26:41.299 INFO [main] org.apache.catalina.startup.VersionLoggerListener.log JVM Vendor:            Oracle Corporation
23-Feb-2018 19:26:41.299 INFO [main] org.apache.catalina.startup.VersionLoggerListener.log CATALINA_BASE:         /home/nchandra/tomcat
23-Feb-2018 19:26:41.300 INFO [main] org.apache.catalina.startup.VersionLoggerListener.log CATALINA_HOME:         /home/nchandra/tomcat
23-Feb-2018 19:26:41.300 INFO [main] org.apache.catalina.startup.VersionLoggerListener.log Command line argument: -Djava.util.logging.config.file=/home/nchandra/tomcat/conf/logging.properties
23-Feb-2018 19:26:41.300 INFO [main] org.apache.catalina.startup.VersionLoggerListener.log Command line argument: -Djava.util.logging.manager=org.apache.juli.ClassLoaderLogManager
23-Feb-2018 19:26:41.300 INFO [main] org.apache.catalina.startup.VersionLoggerListener.log Command line argument: -Djdk.tls.ephemeralDHKeySize=2048
23-Feb-2018 19:26:41.300 INFO [main] org.apache.catalina.startup.VersionLoggerListener.log Command line argument: -Djava.protocol.handler.pkgs=org.apache.catalina.webresources
23-Feb-2018 19:26:41.300 INFO [main] org.apache.catalina.startup.VersionLoggerListener.log Command line argument: -Dignore.endorsed.dirs=
23-Feb-2018 19:26:41.300 INFO [main] org.apache.catalina.startup.VersionLoggerListener.log Command line argument: -Dcatalina.base=/home/nchandra/tomcat
23-Feb-2018 19:26:41.300 INFO [main] org.apache.catalina.startup.VersionLoggerListener.log Command line argument: -Dcatalina.home=/home/nchandra/tomcat
23-Feb-2018 19:26:41.300 INFO [main] org.apache.catalina.startup.VersionLoggerListener.log Command line argument: -Djava.io.tmpdir=/home/nchandra/tomcat/temp
23-Feb-2018 19:26:41.300 INFO [main] org.apache.catalina.core.AprLifecycleListener.lifecycleEvent The APR based Apache Tomcat Native library which allows optimal performance in production environments was not found on the java.library.path: [/usr/java/packages/lib/amd64:/usr/lib64:/lib64:/lib:/usr/lib]
23-Feb-2018 19:26:41.364 INFO [main] org.apache.coyote.AbstractProtocol.init Initializing ProtocolHandler ["http-nio-80"]
23-Feb-2018 19:26:41.372 SEVERE [main] org.apache.catalina.util.LifecycleBase.handleSubClassException Failed to initialize component [Connector[HTTP/1.1-80]]
 org.apache.catalina.LifecycleException: Protocol handler initialization failed
	at org.apache.catalina.connector.Connector.initInternal(Connector.java:935)
	at org.apache.catalina.util.LifecycleBase.init(LifecycleBase.java:136)
	at org.apache.catalina.core.StandardService.initInternal(StandardService.java:530)
	at org.apache.catalina.util.LifecycleBase.init(LifecycleBase.java:136)
	at org.apache.catalina.core.StandardServer.initInternal(StandardServer.java:852)
	at org.apache.catalina.util.LifecycleBase.init(LifecycleBase.java:136)
	at org.apache.catalina.startup.Catalina.load(Catalina.java:633)
	at org.apache.catalina.startup.Catalina.load(Catalina.java:656)
	at sun.reflect.NativeMethodAccessorImpl.invoke0(Native Method)
	at sun.reflect.NativeMethodAccessorImpl.invoke(NativeMethodAccessorImpl.java:62)
	at sun.reflect.DelegatingMethodAccessorImpl.invoke(DelegatingMethodAccessorImpl.java:43)
	at java.lang.reflect.Method.invoke(Method.java:498)
	at org.apache.catalina.startup.Bootstrap.load(Bootstrap.java:309)
	at org.apache.catalina.startup.Bootstrap.main(Bootstrap.java:492)
Caused by: java.net.SocketException: Permission denied
	at sun.nio.ch.Net.bind0(Native Method)
	at sun.nio.ch.Net.bind(Net.java:433)
	at sun.nio.ch.Net.bind(Net.java:425)
	at sun.nio.ch.ServerSocketChannelImpl.bind(ServerSocketChannelImpl.java:223)
	at sun.nio.ch.ServerSocketAdaptor.bind(ServerSocketAdaptor.java:74)
	at org.apache.tomcat.util.net.NioEndpoint.initServerSocket(NioEndpoint.java:227)
	at org.apache.tomcat.util.net.NioEndpoint.bind(NioEndpoint.java:202)
	at org.apache.tomcat.util.net.AbstractEndpoint.init(AbstractEndpoint.java:1043)
	at org.apache.coyote.AbstractProtocol.init(AbstractProtocol.java:540)
	at org.apache.coyote.http11.AbstractHttp11Protocol.init(AbstractHttp11Protocol.java:74)
	at org.apache.catalina.connector.Connector.initInternal(Connector.java:932)
	... 13 more

23-Feb-2018 19:26:41.373 INFO [main] org.apache.coyote.AbstractProtocol.init Initializing ProtocolHandler ["ajp-nio-8009"]
23-Feb-2018 19:26:41.376 INFO [main] org.apache.tomcat.util.net.NioSelectorPool.getSharedSelector Using a shared selector for servlet write/read
23-Feb-2018 19:26:41.382 INFO [main] org.apache.catalina.startup.Catalina.load Initialization processed in 365 ms
23-Feb-2018 19:26:41.399 INFO [main] org.apache.catalina.core.StandardService.startInternal Starting service [Catalina]
23-Feb-2018 19:26:41.399 INFO [main] org.apache.catalina.core.StandardEngine.startInternal Starting Servlet Engine: Apache Tomcat/9.0.5
23-Feb-2018 19:26:41.405 INFO [main] org.apache.catalina.startup.HostConfig.deployDirectory Deploying web application directory [/home/nchandra/tomcat/webapps/host-manager]
23-Feb-2018 19:26:41.429 WARNING [main] org.apache.catalina.startup.SetContextPropertiesRule.begin [SetContextPropertiesRule]{Context} Setting property 'reladable' to 'true' did not find a matching property.
23-Feb-2018 19:26:41.626 INFO [main] org.apache.catalina.startup.HostConfig.deployDirectory Deployment of web application directory [/home/nchandra/tomcat/webapps/host-manager] has finished in [221] ms
23-Feb-2018 19:26:41.626 INFO [main] org.apache.catalina.startup.HostConfig.deployDirectory Deploying web application directory [/home/nchandra/tomcat/webapps/manager]
23-Feb-2018 19:26:41.628 WARNING [main] org.apache.catalina.startup.SetContextPropertiesRule.begin [SetContextPropertiesRule]{Context} Setting property 'reladable' to 'true' did not find a matching property.
23-Feb-2018 19:26:41.642 INFO [main] org.apache.catalina.startup.HostConfig.deployDirectory Deployment of web application directory [/home/nchandra/tomcat/webapps/manager] has finished in [15] ms
23-Feb-2018 19:26:41.642 INFO [main] org.apache.catalina.startup.HostConfig.deployDirectory Deploying web application directory [/home/nchandra/tomcat/webapps/examples]
23-Feb-2018 19:26:41.643 WARNING [main] org.apache.catalina.startup.SetContextPropertiesRule.begin [SetContextPropertiesRule]{Context} Setting property 'reladable' to 'true' did not find a matching property.
23-Feb-2018 19:26:41.805 INFO [main] org.apache.catalina.startup.HostConfig.deployDirectory Deployment of web application directory [/home/nchandra/tomcat/webapps/examples] has finished in [163] ms
23-Feb-2018 19:26:41.805 INFO [main] org.apache.catalina.startup.HostConfig.deployDirectory Deploying web application directory [/home/nchandra/tomcat/webapps/docs]
23-Feb-2018 19:26:41.806 WARNING [main] org.apache.catalina.startup.SetContextPropertiesRule.begin [SetContextPropertiesRule]{Context} Setting property 'reladable' to 'true' did not find a matching property.
23-Feb-2018 19:26:41.815 INFO [main] org.apache.catalina.startup.HostConfig.deployDirectory Deployment of web application directory [/home/nchandra/tomcat/webapps/docs] has finished in [10] ms
23-Feb-2018 19:26:41.815 INFO [main] org.apache.catalina.startup.HostConfig.deployDirectory Deploying web application directory [/home/nchandra/tomcat/webapps/ROOT]
23-Feb-2018 19:26:41.816 WARNING [main] org.apache.catalina.startup.SetContextPropertiesRule.begin [SetContextPropertiesRule]{Context} Setting property 'reladable' to 'true' did not find a matching property.
23-Feb-2018 19:26:41.825 INFO [main] org.apache.catalina.startup.HostConfig.deployDirectory Deployment of web application directory [/home/nchandra/tomcat/webapps/ROOT] has finished in [9] ms
23-Feb-2018 19:26:41.827 INFO [main] org.apache.coyote.AbstractProtocol.start Starting ProtocolHandler ["ajp-nio-8009"]
23-Feb-2018 19:26:41.832 INFO [main] org.apache.catalina.startup.Catalina.start Server startup in 449 ms
23-Feb-2018 19:30:32.905 INFO [Thread-4] org.apache.coyote.AbstractProtocol.pause Pausing ProtocolHandler ["http-nio-80"]
23-Feb-2018 19:30:32.905 INFO [Thread-4] org.apache.coyote.AbstractProtocol.pause Pausing ProtocolHandler ["ajp-nio-8009"]
23-Feb-2018 19:30:32.960 INFO [Thread-4] org.apache.catalina.core.StandardService.stopInternal Stopping service [Catalina]
23-Feb-2018 19:30:32.974 INFO [Thread-4] org.apache.coyote.AbstractProtocol.stop Stopping ProtocolHandler ["ajp-nio-8009"]
23-Feb-2018 19:30:32.976 INFO [Thread-4] org.apache.coyote.AbstractProtocol.stop Stopping ProtocolHandler ["http-nio-80"]
23-Feb-2018 19:30:32.976 INFO [Thread-4] org.apache.coyote.AbstractProtocol.destroy Destroying ProtocolHandler ["http-nio-80"]
23-Feb-2018 19:30:32.976 INFO [Thread-4] org.apache.coyote.AbstractProtocol.destroy Destroying ProtocolHandler ["ajp-nio-8009"]
23-Feb-2018 19:32:08.589 INFO [main] org.apache.catalina.startup.VersionLoggerListener.log Server version:        Apache Tomcat/9.0.5
23-Feb-2018 19:32:08.591 INFO [main] org.apache.catalina.startup.VersionLoggerListener.log Server built:          Feb 6 2018 21:42:23 UTC
23-Feb-2018 19:32:08.591 INFO [main] org.apache.catalina.startup.VersionLoggerListener.log Server number:         9.0.5.0
23-Feb-2018 19:32:08.591 INFO [main] org.apache.catalina.startup.VersionLoggerListener.log OS Name:               Linux
23-Feb-2018 19:32:08.591 INFO [main] org.apache.catalina.startup.VersionLoggerListener.log OS Version:            3.10.0-693.17.1.el7.x86_64
23-Feb-2018 19:32:08.591 INFO [main] org.apache.catalina.startup.VersionLoggerListener.log Architecture:          amd64
23-Feb-2018 19:32:08.592 INFO [main] org.apache.catalina.startup.VersionLoggerListener.log Java Home:             /usr/lib/jvm/java-1.8.0-openjdk-1.8.0.161-0.b14.el7_4.x86_64/jre
23-Feb-2018 19:32:08.592 INFO [main] org.apache.catalina.startup.VersionLoggerListener.log JVM Version:           1.8.0_161-b14
23-Feb-2018 19:32:08.592 INFO [main] org.apache.catalina.startup.VersionLoggerListener.log JVM Vendor:            Oracle Corporation
23-Feb-2018 19:32:08.592 INFO [main] org.apache.catalina.startup.VersionLoggerListener.log CATALINA_BASE:         /home/nchandra/tomcat
23-Feb-2018 19:32:08.592 INFO [main] org.apache.catalina.startup.VersionLoggerListener.log CATALINA_HOME:         /home/nchandra/tomcat
23-Feb-2018 19:32:08.592 INFO [main] org.apache.catalina.startup.VersionLoggerListener.log Command line argument: -Djava.util.logging.config.file=/home/nchandra/tomcat/conf/logging.properties
23-Feb-2018 19:32:08.592 INFO [main] org.apache.catalina.startup.VersionLoggerListener.log Command line argument: -Djava.util.logging.manager=org.apache.juli.ClassLoaderLogManager
23-Feb-2018 19:32:08.592 INFO [main] org.apache.catalina.startup.VersionLoggerListener.log Command line argument: -Djdk.tls.ephemeralDHKeySize=2048
23-Feb-2018 19:32:08.592 INFO [main] org.apache.catalina.startup.VersionLoggerListener.log Command line argument: -Djava.protocol.handler.pkgs=org.apache.catalina.webresources
23-Feb-2018 19:32:08.592 INFO [main] org.apache.catalina.startup.VersionLoggerListener.log Command line argument: -Dignore.endorsed.dirs=
23-Feb-2018 19:32:08.593 INFO [main] org.apache.catalina.startup.VersionLoggerListener.log Command line argument: -Dcatalina.base=/home/nchandra/tomcat
23-Feb-2018 19:32:08.593 INFO [main] org.apache.catalina.startup.VersionLoggerListener.log Command line argument: -Dcatalina.home=/home/nchandra/tomcat
23-Feb-2018 19:32:08.593 INFO [main] org.apache.catalina.startup.VersionLoggerListener.log Command line argument: -Djava.io.tmpdir=/home/nchandra/tomcat/temp
23-Feb-2018 19:32:08.593 INFO [main] org.apache.catalina.core.AprLifecycleListener.lifecycleEvent The APR based Apache Tomcat Native library which allows optimal performance in production environments was not found on the java.library.path: [/usr/java/packages/lib/amd64:/usr/lib64:/lib64:/lib:/usr/lib]
23-Feb-2018 19:32:08.654 INFO [main] org.apache.coyote.AbstractProtocol.init Initializing ProtocolHandler ["http-nio-8080"]
23-Feb-2018 19:32:08.664 INFO [main] org.apache.tomcat.util.net.NioSelectorPool.getSharedSelector Using a shared selector for servlet write/read
23-Feb-2018 19:32:08.669 INFO [main] org.apache.coyote.AbstractProtocol.init Initializing ProtocolHandler ["ajp-nio-8009"]
23-Feb-2018 19:32:08.669 INFO [main] org.apache.tomcat.util.net.NioSelectorPool.getSharedSelector Using a shared selector for servlet write/read
23-Feb-2018 19:32:08.670 INFO [main] org.apache.catalina.startup.Catalina.load Initialization processed in 350 ms
23-Feb-2018 19:32:08.687 INFO [main] org.apache.catalina.core.StandardService.startInternal Starting service [Catalina]
23-Feb-2018 19:32:08.687 INFO [main] org.apache.catalina.core.StandardEngine.startInternal Starting Servlet Engine: Apache Tomcat/9.0.5
23-Feb-2018 19:32:08.692 INFO [main] org.apache.catalina.startup.HostConfig.deployDirectory Deploying web application directory [/home/nchandra/tomcat/webapps/host-manager]
23-Feb-2018 19:32:08.717 WARNING [main] org.apache.catalina.startup.SetContextPropertiesRule.begin [SetContextPropertiesRule]{Context} Setting property 'reladable' to 'true' did not find a matching property.
23-Feb-2018 19:32:08.912 INFO [main] org.apache.catalina.startup.HostConfig.deployDirectory Deployment of web application directory [/home/nchandra/tomcat/webapps/host-manager] has finished in [219] ms
23-Feb-2018 19:32:08.912 INFO [main] org.apache.catalina.startup.HostConfig.deployDirectory Deploying web application directory [/home/nchandra/tomcat/webapps/manager]
23-Feb-2018 19:32:08.914 WARNING [main] org.apache.catalina.startup.SetContextPropertiesRule.begin [SetContextPropertiesRule]{Context} Setting property 'reladable' to 'true' did not find a matching property.
23-Feb-2018 19:32:08.926 INFO [main] org.apache.catalina.startup.HostConfig.deployDirectory Deployment of web application directory [/home/nchandra/tomcat/webapps/manager] has finished in [14] ms
23-Feb-2018 19:32:08.926 INFO [main] org.apache.catalina.startup.HostConfig.deployDirectory Deploying web application directory [/home/nchandra/tomcat/webapps/examples]
23-Feb-2018 19:32:08.927 WARNING [main] org.apache.catalina.startup.SetContextPropertiesRule.begin [SetContextPropertiesRule]{Context} Setting property 'reladable' to 'true' did not find a matching property.
23-Feb-2018 19:32:09.088 INFO [main] org.apache.catalina.startup.HostConfig.deployDirectory Deployment of web application directory [/home/nchandra/tomcat/webapps/examples] has finished in [161] ms
23-Feb-2018 19:32:09.088 INFO [main] org.apache.catalina.startup.HostConfig.deployDirectory Deploying web application directory [/home/nchandra/tomcat/webapps/docs]
23-Feb-2018 19:32:09.089 WARNING [main] org.apache.catalina.startup.SetContextPropertiesRule.begin [SetContextPropertiesRule]{Context} Setting property 'reladable' to 'true' did not find a matching property.
23-Feb-2018 19:32:09.097 INFO [main] org.apache.catalina.startup.HostConfig.deployDirectory Deployment of web application directory [/home/nchandra/tomcat/webapps/docs] has finished in [9] ms
23-Feb-2018 19:32:09.098 INFO [main] org.apache.catalina.startup.HostConfig.deployDirectory Deploying web application directory [/home/nchandra/tomcat/webapps/ROOT]
23-Feb-2018 19:32:09.099 WARNING [main] org.apache.catalina.startup.SetContextPropertiesRule.begin [SetContextPropertiesRule]{Context} Setting property 'reladable' to 'true' did not find a matching property.
23-Feb-2018 19:32:09.106 INFO [main] org.apache.catalina.startup.HostConfig.deployDirectory Deployment of web application directory [/home/nchandra/tomcat/webapps/ROOT] has finished in [9] ms
23-Feb-2018 19:32:09.108 INFO [main] org.apache.coyote.AbstractProtocol.start Starting ProtocolHandler ["http-nio-8080"]
23-Feb-2018 19:32:09.114 INFO [main] org.apache.coyote.AbstractProtocol.start Starting ProtocolHandler ["ajp-nio-8009"]
23-Feb-2018 19:32:09.115 INFO [main] org.apache.catalina.startup.Catalina.start Server startup in 445 ms
23-Feb-2018 19:42:45.861 INFO [Thread-5] org.apache.coyote.AbstractProtocol.pause Pausing ProtocolHandler ["http-nio-8080"]
23-Feb-2018 19:42:45.915 INFO [Thread-5] org.apache.coyote.AbstractProtocol.pause Pausing ProtocolHandler ["ajp-nio-8009"]
23-Feb-2018 19:42:45.965 INFO [Thread-5] org.apache.catalina.core.StandardService.stopInternal Stopping service [Catalina]
23-Feb-2018 19:42:45.980 INFO [Thread-5] org.apache.coyote.AbstractProtocol.stop Stopping ProtocolHandler ["http-nio-8080"]
23-Feb-2018 19:42:45.982 INFO [Thread-5] org.apache.coyote.AbstractProtocol.stop Stopping ProtocolHandler ["ajp-nio-8009"]
23-Feb-2018 19:42:45.984 INFO [Thread-5] org.apache.coyote.AbstractProtocol.destroy Destroying ProtocolHandler ["http-nio-8080"]
23-Feb-2018 19:42:45.984 INFO [Thread-5] org.apache.coyote.AbstractProtocol.destroy Destroying ProtocolHandler ["ajp-nio-8009"]
23-Feb-2018 19:43:08.493 INFO [main] org.apache.catalina.startup.VersionLoggerListener.log Server version:        Apache Tomcat/9.0.5
23-Feb-2018 19:43:08.494 INFO [main] org.apache.catalina.startup.VersionLoggerListener.log Server built:          Feb 6 2018 21:42:23 UTC
23-Feb-2018 19:43:08.494 INFO [main] org.apache.catalina.startup.VersionLoggerListener.log Server number:         9.0.5.0
23-Feb-2018 19:43:08.495 INFO [main] org.apache.catalina.startup.VersionLoggerListener.log OS Name:               Linux
23-Feb-2018 19:43:08.495 INFO [main] org.apache.catalina.startup.VersionLoggerListener.log OS Version:            3.10.0-693.17.1.el7.x86_64
23-Feb-2018 19:43:08.495 INFO [main] org.apache.catalina.startup.VersionLoggerListener.log Architecture:          amd64
23-Feb-2018 19:43:08.495 INFO [main] org.apache.catalina.startup.VersionLoggerListener.log Java Home:             /usr/lib/jvm/java-1.8.0-openjdk-1.8.0.161-0.b14.el7_4.x86_64/jre
23-Feb-2018 19:43:08.495 INFO [main] org.apache.catalina.startup.VersionLoggerListener.log JVM Version:           1.8.0_161-b14
23-Feb-2018 19:43:08.495 INFO [main] org.apache.catalina.startup.VersionLoggerListener.log JVM Vendor:            Oracle Corporation
23-Feb-2018 19:43:08.495 INFO [main] org.apache.catalina.startup.VersionLoggerListener.log CATALINA_BASE:         /home/nchandra/tomcat
23-Feb-2018 19:43:08.495 INFO [main] org.apache.catalina.startup.VersionLoggerListener.log CATALINA_HOME:         /home/nchandra/tomcat
23-Feb-2018 19:43:08.495 INFO [main] org.apache.catalina.startup.VersionLoggerListener.log Command line argument: -Djava.util.logging.config.file=/home/nchandra/tomcat/conf/logging.properties
23-Feb-2018 19:43:08.495 INFO [main] org.apache.catalina.startup.VersionLoggerListener.log Command line argument: -Djava.util.logging.manager=org.apache.juli.ClassLoaderLogManager
23-Feb-2018 19:43:08.496 INFO [main] org.apache.catalina.startup.VersionLoggerListener.log Command line argument: -Djdk.tls.ephemeralDHKeySize=2048
23-Feb-2018 19:43:08.496 INFO [main] org.apache.catalina.startup.VersionLoggerListener.log Command line argument: -Djava.protocol.handler.pkgs=org.apache.catalina.webresources
23-Feb-2018 19:43:08.496 INFO [main] org.apache.catalina.startup.VersionLoggerListener.log Command line argument: -Dignore.endorsed.dirs=
23-Feb-2018 19:43:08.496 INFO [main] org.apache.catalina.startup.VersionLoggerListener.log Command line argument: -Dcatalina.base=/home/nchandra/tomcat
23-Feb-2018 19:43:08.496 INFO [main] org.apache.catalina.startup.VersionLoggerListener.log Command line argument: -Dcatalina.home=/home/nchandra/tomcat
23-Feb-2018 19:43:08.496 INFO [main] org.apache.catalina.startup.VersionLoggerListener.log Command line argument: -Djava.io.tmpdir=/home/nchandra/tomcat/temp
23-Feb-2018 19:43:08.496 INFO [main] org.apache.catalina.core.AprLifecycleListener.lifecycleEvent The APR based Apache Tomcat Native library which allows optimal performance in production environments was not found on the java.library.path: [/usr/java/packages/lib/amd64:/usr/lib64:/lib64:/lib:/usr/lib]
23-Feb-2018 19:43:08.561 INFO [main] org.apache.coyote.AbstractProtocol.init Initializing ProtocolHandler ["http-nio-8080"]
23-Feb-2018 19:43:08.570 INFO [main] org.apache.tomcat.util.net.NioSelectorPool.getSharedSelector Using a shared selector for servlet write/read
23-Feb-2018 19:43:08.575 INFO [main] org.apache.coyote.AbstractProtocol.init Initializing ProtocolHandler ["ajp-nio-8009"]
23-Feb-2018 19:43:08.576 INFO [main] org.apache.tomcat.util.net.NioSelectorPool.getSharedSelector Using a shared selector for servlet write/read
23-Feb-2018 19:43:08.577 INFO [main] org.apache.catalina.startup.Catalina.load Initialization processed in 362 ms
23-Feb-2018 19:43:08.593 INFO [main] org.apache.catalina.core.StandardService.startInternal Starting service [Catalina]
23-Feb-2018 19:43:08.593 INFO [main] org.apache.catalina.core.StandardEngine.startInternal Starting Servlet Engine: Apache Tomcat/9.0.5
23-Feb-2018 19:43:08.599 INFO [main] org.apache.catalina.startup.HostConfig.deployDirectory Deploying web application directory [/home/nchandra/tomcat/webapps/host-manager]
23-Feb-2018 19:43:08.820 INFO [main] org.apache.catalina.startup.HostConfig.deployDirectory Deployment of web application directory [/home/nchandra/tomcat/webapps/host-manager] has finished in [221] ms
23-Feb-2018 19:43:08.820 INFO [main] org.apache.catalina.startup.HostConfig.deployDirectory Deploying web application directory [/home/nchandra/tomcat/webapps/manager]
23-Feb-2018 19:43:08.840 INFO [main] org.apache.catalina.startup.HostConfig.deployDirectory Deployment of web application directory [/home/nchandra/tomcat/webapps/manager] has finished in [20] ms
23-Feb-2018 19:43:08.840 INFO [main] org.apache.catalina.startup.HostConfig.deployDirectory Deploying web application directory [/home/nchandra/tomcat/webapps/examples]
23-Feb-2018 19:43:08.999 INFO [main] org.apache.catalina.startup.HostConfig.deployDirectory Deployment of web application directory [/home/nchandra/tomcat/webapps/examples] has finished in [159] ms
23-Feb-2018 19:43:08.999 INFO [main] org.apache.catalina.startup.HostConfig.deployDirectory Deploying web application directory [/home/nchandra/tomcat/webapps/docs]
23-Feb-2018 19:43:09.008 INFO [main] org.apache.catalina.startup.HostConfig.deployDirectory Deployment of web application directory [/home/nchandra/tomcat/webapps/docs] has finished in [9] ms
23-Feb-2018 19:43:09.009 INFO [main] org.apache.catalina.startup.HostConfig.deployDirectory Deploying web application directory [/home/nchandra/tomcat/webapps/ROOT]
23-Feb-2018 19:43:09.017 INFO [main] org.apache.catalina.startup.HostConfig.deployDirectory Deployment of web application directory [/home/nchandra/tomcat/webapps/ROOT] has finished in [9] ms
23-Feb-2018 19:43:09.019 INFO [main] org.apache.coyote.AbstractProtocol.start Starting ProtocolHandler ["http-nio-8080"]
23-Feb-2018 19:43:09.025 INFO [main] org.apache.coyote.AbstractProtocol.start Starting ProtocolHandler ["ajp-nio-8009"]
23-Feb-2018 19:43:09.026 INFO [main] org.apache.catalina.startup.Catalina.start Server startup in 449 ms
23-Feb-2018 19:45:17.156 INFO [Thread-5] org.apache.coyote.AbstractProtocol.pause Pausing ProtocolHandler ["http-nio-8080"]
23-Feb-2018 19:45:17.210 INFO [Thread-5] org.apache.coyote.AbstractProtocol.pause Pausing ProtocolHandler ["ajp-nio-8009"]
23-Feb-2018 19:45:17.260 INFO [Thread-5] org.apache.catalina.core.StandardService.stopInternal Stopping service [Catalina]
23-Feb-2018 19:45:17.275 INFO [Thread-5] org.apache.coyote.AbstractProtocol.stop Stopping ProtocolHandler ["http-nio-8080"]
23-Feb-2018 19:45:17.277 INFO [Thread-5] org.apache.coyote.AbstractProtocol.stop Stopping ProtocolHandler ["ajp-nio-8009"]
23-Feb-2018 19:45:17.279 INFO [Thread-5] org.apache.coyote.AbstractProtocol.destroy Destroying ProtocolHandler ["http-nio-8080"]
23-Feb-2018 19:45:17.280 INFO [Thread-5] org.apache.coyote.AbstractProtocol.destroy Destroying ProtocolHandler ["ajp-nio-8009"]
23-Feb-2018 19:46:50.943 INFO [main] org.apache.catalina.startup.VersionLoggerListener.log Server version:        Apache Tomcat/9.0.5
23-Feb-2018 19:46:50.944 INFO [main] org.apache.catalina.startup.VersionLoggerListener.log Server built:          Feb 6 2018 21:42:23 UTC
23-Feb-2018 19:46:50.945 INFO [main] org.apache.catalina.startup.VersionLoggerListener.log Server number:         9.0.5.0
23-Feb-2018 19:46:50.945 INFO [main] org.apache.catalina.startup.VersionLoggerListener.log OS Name:               Linux
23-Feb-2018 19:46:50.945 INFO [main] org.apache.catalina.startup.VersionLoggerListener.log OS Version:            3.10.0-693.17.1.el7.x86_64
23-Feb-2018 19:46:50.945 INFO [main] org.apache.catalina.startup.VersionLoggerListener.log Architecture:          amd64
23-Feb-2018 19:46:50.945 INFO [main] org.apache.catalina.startup.VersionLoggerListener.log Java Home:             /usr/lib/jvm/java-1.8.0-openjdk-1.8.0.161-0.b14.el7_4.x86_64/jre
23-Feb-2018 19:46:50.945 INFO [main] org.apache.catalina.startup.VersionLoggerListener.log JVM Version:           1.8.0_161-b14
23-Feb-2018 19:46:50.945 INFO [main] org.apache.catalina.startup.VersionLoggerListener.log JVM Vendor:            Oracle Corporation
23-Feb-2018 19:46:50.945 INFO [main] org.apache.catalina.startup.VersionLoggerListener.log CATALINA_BASE:         /home/nchandra/tomcat
23-Feb-2018 19:46:50.945 INFO [main] org.apache.catalina.startup.VersionLoggerListener.log CATALINA_HOME:         /home/nchandra/tomcat
23-Feb-2018 19:46:50.945 INFO [main] org.apache.catalina.startup.VersionLoggerListener.log Command line argument: -Djava.util.logging.config.file=/home/nchandra/tomcat/conf/logging.properties
23-Feb-2018 19:46:50.946 INFO [main] org.apache.catalina.startup.VersionLoggerListener.log Command line argument: -Djava.util.logging.manager=org.apache.juli.ClassLoaderLogManager
23-Feb-2018 19:46:50.946 INFO [main] org.apache.catalina.startup.VersionLoggerListener.log Command line argument: -Djdk.tls.ephemeralDHKeySize=2048
23-Feb-2018 19:46:50.946 INFO [main] org.apache.catalina.startup.VersionLoggerListener.log Command line argument: -Djava.protocol.handler.pkgs=org.apache.catalina.webresources
23-Feb-2018 19:46:50.946 INFO [main] org.apache.catalina.startup.VersionLoggerListener.log Command line argument: -Dignore.endorsed.dirs=
23-Feb-2018 19:46:50.946 INFO [main] org.apache.catalina.startup.VersionLoggerListener.log Command line argument: -Dcatalina.base=/home/nchandra/tomcat
23-Feb-2018 19:46:50.946 INFO [main] org.apache.catalina.startup.VersionLoggerListener.log Command line argument: -Dcatalina.home=/home/nchandra/tomcat
23-Feb-2018 19:46:50.946 INFO [main] org.apache.catalina.startup.VersionLoggerListener.log Command line argument: -Djava.io.tmpdir=/home/nchandra/tomcat/temp
23-Feb-2018 19:46:50.946 INFO [main] org.apache.catalina.core.AprLifecycleListener.lifecycleEvent The APR based Apache Tomcat Native library which allows optimal performance in production environments was not found on the java.library.path: [/usr/java/packages/lib/amd64:/usr/lib64:/lib64:/lib:/usr/lib]
23-Feb-2018 19:46:51.008 INFO [main] org.apache.coyote.AbstractProtocol.init Initializing ProtocolHandler ["http-nio-8080"]
23-Feb-2018 19:46:51.017 INFO [main] org.apache.tomcat.util.net.NioSelectorPool.getSharedSelector Using a shared selector for servlet write/read
23-Feb-2018 19:46:51.022 INFO [main] org.apache.coyote.AbstractProtocol.init Initializing ProtocolHandler ["ajp-nio-8009"]
23-Feb-2018 19:46:51.023 INFO [main] org.apache.tomcat.util.net.NioSelectorPool.getSharedSelector Using a shared selector for servlet write/read
23-Feb-2018 19:46:51.023 INFO [main] org.apache.catalina.startup.Catalina.load Initialization processed in 353 ms
23-Feb-2018 19:46:51.040 INFO [main] org.apache.catalina.core.StandardService.startInternal Starting service [Catalina]
23-Feb-2018 19:46:51.040 INFO [main] org.apache.catalina.core.StandardEngine.startInternal Starting Servlet Engine: Apache Tomcat/9.0.5
23-Feb-2018 19:46:51.045 INFO [main] org.apache.catalina.startup.HostConfig.deployDirectory Deploying web application directory [/home/nchandra/tomcat/webapps/host-manager]
23-Feb-2018 19:46:51.264 INFO [main] org.apache.catalina.startup.HostConfig.deployDirectory Deployment of web application directory [/home/nchandra/tomcat/webapps/host-manager] has finished in [218] ms
23-Feb-2018 19:46:51.264 INFO [main] org.apache.catalina.startup.HostConfig.deployDirectory Deploying web application directory [/home/nchandra/tomcat/webapps/manager]
23-Feb-2018 19:46:51.279 INFO [main] org.apache.catalina.startup.HostConfig.deployDirectory Deployment of web application directory [/home/nchandra/tomcat/webapps/manager] has finished in [15] ms
23-Feb-2018 19:46:51.279 INFO [main] org.apache.catalina.startup.HostConfig.deployDirectory Deploying web application directory [/home/nchandra/tomcat/webapps/examples]
23-Feb-2018 19:46:51.448 INFO [main] org.apache.catalina.core.ApplicationContext.log ContextListener: contextInitialized()
23-Feb-2018 19:46:51.448 INFO [main] org.apache.catalina.core.ApplicationContext.log SessionListener: contextInitialized()
23-Feb-2018 19:46:51.449 INFO [main] org.apache.catalina.core.ApplicationContext.log ContextListener: attributeAdded('StockTicker', 'async.Stockticker@489115ef')
23-Feb-2018 19:46:51.453 INFO [main] org.apache.catalina.startup.HostConfig.deployDirectory Deployment of web application directory [/home/nchandra/tomcat/webapps/examples] has finished in [173] ms
23-Feb-2018 19:46:51.453 INFO [main] org.apache.catalina.startup.HostConfig.deployDirectory Deploying web application directory [/home/nchandra/tomcat/webapps/docs]
23-Feb-2018 19:46:51.462 INFO [main] org.apache.catalina.startup.HostConfig.deployDirectory Deployment of web application directory [/home/nchandra/tomcat/webapps/docs] has finished in [9] ms
23-Feb-2018 19:46:51.463 INFO [main] org.apache.catalina.startup.HostConfig.deployDirectory Deploying web application directory [/home/nchandra/tomcat/webapps/ROOT]
23-Feb-2018 19:46:51.471 INFO [main] org.apache.catalina.startup.HostConfig.deployDirectory Deployment of web application directory [/home/nchandra/tomcat/webapps/ROOT] has finished in [9] ms
23-Feb-2018 19:46:51.473 INFO [main] org.apache.coyote.AbstractProtocol.start Starting ProtocolHandler ["http-nio-8080"]
23-Feb-2018 19:46:51.478 INFO [main] org.apache.coyote.AbstractProtocol.start Starting ProtocolHandler ["ajp-nio-8009"]
23-Feb-2018 19:46:51.480 INFO [main] org.apache.catalina.startup.Catalina.start Server startup in 456 ms
23-Feb-2018 19:56:04.480 SEVERE [ajp-nio-8009-exec-1] org.apache.coyote.ajp.AjpMessage.processHeader Invalid message received with signature [18245]
23-Feb-2018 20:04:27.394 INFO [Thread-5] org.apache.coyote.AbstractProtocol.pause Pausing ProtocolHandler ["http-nio-8080"]
23-Feb-2018 20:04:27.447 INFO [Thread-5] org.apache.coyote.AbstractProtocol.pause Pausing ProtocolHandler ["ajp-nio-8009"]
23-Feb-2018 20:04:27.498 INFO [Thread-5] org.apache.catalina.core.StandardService.stopInternal Stopping service [Catalina]
23-Feb-2018 20:04:27.505 INFO [Thread-5] org.apache.catalina.core.ApplicationContext.log SessionListener: contextDestroyed()
23-Feb-2018 20:04:27.505 INFO [Thread-5] org.apache.catalina.core.ApplicationContext.log ContextListener: contextDestroyed()
23-Feb-2018 20:04:27.512 INFO [Thread-5] org.apache.coyote.AbstractProtocol.stop Stopping ProtocolHandler ["http-nio-8080"]
23-Feb-2018 20:04:27.517 INFO [Thread-5] org.apache.coyote.AbstractProtocol.stop Stopping ProtocolHandler ["ajp-nio-8009"]
23-Feb-2018 20:04:27.518 INFO [Thread-5] org.apache.coyote.AbstractProtocol.destroy Destroying ProtocolHandler ["http-nio-8080"]
23-Feb-2018 20:04:27.519 INFO [Thread-5] org.apache.coyote.AbstractProtocol.destroy Destroying ProtocolHandler ["ajp-nio-8009"]
23-Feb-2018 20:04:31.746 INFO [main] org.apache.catalina.startup.VersionLoggerListener.log Server version:        Apache Tomcat/9.0.5
23-Feb-2018 20:04:31.748 INFO [main] org.apache.catalina.startup.VersionLoggerListener.log Server built:          Feb 6 2018 21:42:23 UTC
23-Feb-2018 20:04:31.748 INFO [main] org.apache.catalina.startup.VersionLoggerListener.log Server number:         9.0.5.0
23-Feb-2018 20:04:31.748 INFO [main] org.apache.catalina.startup.VersionLoggerListener.log OS Name:               Linux
23-Feb-2018 20:04:31.748 INFO [main] org.apache.catalina.startup.VersionLoggerListener.log OS Version:            3.10.0-693.17.1.el7.x86_64
23-Feb-2018 20:04:31.748 INFO [main] org.apache.catalina.startup.VersionLoggerListener.log Architecture:          amd64
23-Feb-2018 20:04:31.748 INFO [main] org.apache.catalina.startup.VersionLoggerListener.log Java Home:             /usr/lib/jvm/java-1.8.0-openjdk-1.8.0.161-0.b14.el7_4.x86_64/jre
23-Feb-2018 20:04:31.749 INFO [main] org.apache.catalina.startup.VersionLoggerListener.log JVM Version:           1.8.0_161-b14
23-Feb-2018 20:04:31.749 INFO [main] org.apache.catalina.startup.VersionLoggerListener.log JVM Vendor:            Oracle Corporation
23-Feb-2018 20:04:31.749 INFO [main] org.apache.catalina.startup.VersionLoggerListener.log CATALINA_BASE:         /home/nchandra/tomcat
23-Feb-2018 20:04:31.749 INFO [main] org.apache.catalina.startup.VersionLoggerListener.log CATALINA_HOME:         /home/nchandra/tomcat
23-Feb-2018 20:04:31.749 INFO [main] org.apache.catalina.startup.VersionLoggerListener.log Command line argument: -Djava.util.logging.config.file=/home/nchandra/tomcat/conf/logging.properties
23-Feb-2018 20:04:31.749 INFO [main] org.apache.catalina.startup.VersionLoggerListener.log Command line argument: -Djava.util.logging.manager=org.apache.juli.ClassLoaderLogManager
23-Feb-2018 20:04:31.749 INFO [main] org.apache.catalina.startup.VersionLoggerListener.log Command line argument: -Djdk.tls.ephemeralDHKeySize=2048
23-Feb-2018 20:04:31.749 INFO [main] org.apache.catalina.startup.VersionLoggerListener.log Command line argument: -Djava.protocol.handler.pkgs=org.apache.catalina.webresources
23-Feb-2018 20:04:31.750 INFO [main] org.apache.catalina.startup.VersionLoggerListener.log Command line argument: -Dignore.endorsed.dirs=
23-Feb-2018 20:04:31.750 INFO [main] org.apache.catalina.startup.VersionLoggerListener.log Command line argument: -Dcatalina.base=/home/nchandra/tomcat
23-Feb-2018 20:04:31.750 INFO [main] org.apache.catalina.startup.VersionLoggerListener.log Command line argument: -Dcatalina.home=/home/nchandra/tomcat
23-Feb-2018 20:04:31.750 INFO [main] org.apache.catalina.startup.VersionLoggerListener.log Command line argument: -Djava.io.tmpdir=/home/nchandra/tomcat/temp
23-Feb-2018 20:04:31.750 INFO [main] org.apache.catalina.core.AprLifecycleListener.lifecycleEvent The APR based Apache Tomcat Native library which allows optimal performance in production environments was not found on the java.library.path: [/usr/java/packages/lib/amd64:/usr/lib64:/lib64:/lib:/usr/lib]
23-Feb-2018 20:04:31.812 INFO [main] org.apache.coyote.AbstractProtocol.init Initializing ProtocolHandler ["http-nio-80"]
23-Feb-2018 20:04:31.819 SEVERE [main] org.apache.catalina.util.LifecycleBase.handleSubClassException Failed to initialize component [Connector[HTTP/1.1-80]]
 org.apache.catalina.LifecycleException: Protocol handler initialization failed
	at org.apache.catalina.connector.Connector.initInternal(Connector.java:935)
	at org.apache.catalina.util.LifecycleBase.init(LifecycleBase.java:136)
	at org.apache.catalina.core.StandardService.initInternal(StandardService.java:530)
	at org.apache.catalina.util.LifecycleBase.init(LifecycleBase.java:136)
	at org.apache.catalina.core.StandardServer.initInternal(StandardServer.java:852)
	at org.apache.catalina.util.LifecycleBase.init(LifecycleBase.java:136)
	at org.apache.catalina.startup.Catalina.load(Catalina.java:633)
	at org.apache.catalina.startup.Catalina.load(Catalina.java:656)
	at sun.reflect.NativeMethodAccessorImpl.invoke0(Native Method)
	at sun.reflect.NativeMethodAccessorImpl.invoke(NativeMethodAccessorImpl.java:62)
	at sun.reflect.DelegatingMethodAccessorImpl.invoke(DelegatingMethodAccessorImpl.java:43)
	at java.lang.reflect.Method.invoke(Method.java:498)
	at org.apache.catalina.startup.Bootstrap.load(Bootstrap.java:309)
	at org.apache.catalina.startup.Bootstrap.main(Bootstrap.java:492)
Caused by: java.net.SocketException: Permission denied
	at sun.nio.ch.Net.bind0(Native Method)
	at sun.nio.ch.Net.bind(Net.java:433)
	at sun.nio.ch.Net.bind(Net.java:425)
	at sun.nio.ch.ServerSocketChannelImpl.bind(ServerSocketChannelImpl.java:223)
	at sun.nio.ch.ServerSocketAdaptor.bind(ServerSocketAdaptor.java:74)
	at org.apache.tomcat.util.net.NioEndpoint.initServerSocket(NioEndpoint.java:227)
	at org.apache.tomcat.util.net.NioEndpoint.bind(NioEndpoint.java:202)
	at org.apache.tomcat.util.net.AbstractEndpoint.init(AbstractEndpoint.java:1043)
	at org.apache.coyote.AbstractProtocol.init(AbstractProtocol.java:540)
	at org.apache.coyote.http11.AbstractHttp11Protocol.init(AbstractHttp11Protocol.java:74)
	at org.apache.catalina.connector.Connector.initInternal(Connector.java:932)
	... 13 more

23-Feb-2018 20:04:31.820 INFO [main] org.apache.coyote.AbstractProtocol.init Initializing ProtocolHandler ["ajp-nio-8009"]
23-Feb-2018 20:04:31.823 INFO [main] org.apache.tomcat.util.net.NioSelectorPool.getSharedSelector Using a shared selector for servlet write/read
23-Feb-2018 20:04:31.827 INFO [main] org.apache.catalina.startup.Catalina.load Initialization processed in 362 ms
23-Feb-2018 20:04:31.844 INFO [main] org.apache.catalina.core.StandardService.startInternal Starting service [Catalina]
23-Feb-2018 20:04:31.844 INFO [main] org.apache.catalina.core.StandardEngine.startInternal Starting Servlet Engine: Apache Tomcat/9.0.5
23-Feb-2018 20:04:31.849 INFO [main] org.apache.catalina.startup.HostConfig.deployDirectory Deploying web application directory [/home/nchandra/tomcat/webapps/host-manager]
23-Feb-2018 20:04:32.070 INFO [main] org.apache.catalina.startup.HostConfig.deployDirectory Deployment of web application directory [/home/nchandra/tomcat/webapps/host-manager] has finished in [220] ms
23-Feb-2018 20:04:32.070 INFO [main] org.apache.catalina.startup.HostConfig.deployDirectory Deploying web application directory [/home/nchandra/tomcat/webapps/manager]
23-Feb-2018 20:04:32.084 INFO [main] org.apache.catalina.startup.HostConfig.deployDirectory Deployment of web application directory [/home/nchandra/tomcat/webapps/manager] has finished in [14] ms
23-Feb-2018 20:04:32.084 INFO [main] org.apache.catalina.startup.HostConfig.deployDirectory Deploying web application directory [/home/nchandra/tomcat/webapps/examples]
23-Feb-2018 20:04:32.238 INFO [main] org.apache.catalina.core.ApplicationContext.log ContextListener: contextInitialized()
23-Feb-2018 20:04:32.238 INFO [main] org.apache.catalina.core.ApplicationContext.log SessionListener: contextInitialized()
23-Feb-2018 20:04:32.239 INFO [main] org.apache.catalina.core.ApplicationContext.log ContextListener: attributeAdded('StockTicker', 'async.Stockticker@198b6731')
23-Feb-2018 20:04:32.243 INFO [main] org.apache.catalina.startup.HostConfig.deployDirectory Deployment of web application directory [/home/nchandra/tomcat/webapps/examples] has finished in [158] ms
23-Feb-2018 20:04:32.243 INFO [main] org.apache.catalina.startup.HostConfig.deployDirectory Deploying web application directory [/home/nchandra/tomcat/webapps/docs]
23-Feb-2018 20:04:32.252 INFO [main] org.apache.catalina.startup.HostConfig.deployDirectory Deployment of web application directory [/home/nchandra/tomcat/webapps/docs] has finished in [9] ms
23-Feb-2018 20:04:32.252 INFO [main] org.apache.catalina.startup.HostConfig.deployDirectory Deploying web application directory [/home/nchandra/tomcat/webapps/ROOT]
23-Feb-2018 20:04:32.261 INFO [main] org.apache.catalina.startup.HostConfig.deployDirectory Deployment of web application directory [/home/nchandra/tomcat/webapps/ROOT] has finished in [9] ms
23-Feb-2018 20:04:32.263 INFO [main] org.apache.coyote.AbstractProtocol.start Starting ProtocolHandler ["ajp-nio-8009"]
23-Feb-2018 20:04:32.268 INFO [main] org.apache.catalina.startup.Catalina.start Server startup in 441 ms
23-Feb-2018 20:06:00.443 INFO [Thread-4] org.apache.coyote.AbstractProtocol.pause Pausing ProtocolHandler ["http-nio-80"]
23-Feb-2018 20:06:00.444 INFO [Thread-4] org.apache.coyote.AbstractProtocol.pause Pausing ProtocolHandler ["ajp-nio-8009"]
23-Feb-2018 20:06:00.497 INFO [Thread-4] org.apache.catalina.core.StandardService.stopInternal Stopping service [Catalina]
23-Feb-2018 20:06:00.505 INFO [Thread-4] org.apache.catalina.core.ApplicationContext.log SessionListener: contextDestroyed()
23-Feb-2018 20:06:00.505 INFO [Thread-4] org.apache.catalina.core.ApplicationContext.log ContextListener: contextDestroyed()
23-Feb-2018 20:06:00.511 INFO [Thread-4] org.apache.coyote.AbstractProtocol.stop Stopping ProtocolHandler ["ajp-nio-8009"]
23-Feb-2018 20:06:00.513 INFO [Thread-4] org.apache.coyote.AbstractProtocol.stop Stopping ProtocolHandler ["http-nio-80"]
23-Feb-2018 20:06:00.513 INFO [Thread-4] org.apache.coyote.AbstractProtocol.destroy Destroying ProtocolHandler ["http-nio-80"]
23-Feb-2018 20:06:00.513 INFO [Thread-4] org.apache.coyote.AbstractProtocol.destroy Destroying ProtocolHandler ["ajp-nio-8009"]
23-Feb-2018 20:06:11.911 INFO [main] org.apache.catalina.startup.VersionLoggerListener.log Server version:        Apache Tomcat/9.0.5
23-Feb-2018 20:06:11.912 INFO [main] org.apache.catalina.startup.VersionLoggerListener.log Server built:          Feb 6 2018 21:42:23 UTC
23-Feb-2018 20:06:11.912 INFO [main] org.apache.catalina.startup.VersionLoggerListener.log Server number:         9.0.5.0
23-Feb-2018 20:06:11.913 INFO [main] org.apache.catalina.startup.VersionLoggerListener.log OS Name:               Linux
23-Feb-2018 20:06:11.913 INFO [main] org.apache.catalina.startup.VersionLoggerListener.log OS Version:            3.10.0-693.17.1.el7.x86_64
23-Feb-2018 20:06:11.913 INFO [main] org.apache.catalina.startup.VersionLoggerListener.log Architecture:          amd64
23-Feb-2018 20:06:11.913 INFO [main] org.apache.catalina.startup.VersionLoggerListener.log Java Home:             /usr/lib/jvm/java-1.8.0-openjdk-1.8.0.161-0.b14.el7_4.x86_64/jre
23-Feb-2018 20:06:11.913 INFO [main] org.apache.catalina.startup.VersionLoggerListener.log JVM Version:           1.8.0_161-b14
23-Feb-2018 20:06:11.913 INFO [main] org.apache.catalina.startup.VersionLoggerListener.log JVM Vendor:            Oracle Corporation
23-Feb-2018 20:06:11.913 INFO [main] org.apache.catalina.startup.VersionLoggerListener.log CATALINA_BASE:         /home/nchandra/tomcat
23-Feb-2018 20:06:11.913 INFO [main] org.apache.catalina.startup.VersionLoggerListener.log CATALINA_HOME:         /home/nchandra/tomcat
23-Feb-2018 20:06:11.913 INFO [main] org.apache.catalina.startup.VersionLoggerListener.log Command line argument: -Djava.util.logging.config.file=/home/nchandra/tomcat/conf/logging.properties
23-Feb-2018 20:06:11.913 INFO [main] org.apache.catalina.startup.VersionLoggerListener.log Command line argument: -Djava.util.logging.manager=org.apache.juli.ClassLoaderLogManager
23-Feb-2018 20:06:11.914 INFO [main] org.apache.catalina.startup.VersionLoggerListener.log Command line argument: -Djdk.tls.ephemeralDHKeySize=2048
23-Feb-2018 20:06:11.914 INFO [main] org.apache.catalina.startup.VersionLoggerListener.log Command line argument: -Djava.protocol.handler.pkgs=org.apache.catalina.webresources
23-Feb-2018 20:06:11.914 INFO [main] org.apache.catalina.startup.VersionLoggerListener.log Command line argument: -Dignore.endorsed.dirs=
23-Feb-2018 20:06:11.914 INFO [main] org.apache.catalina.startup.VersionLoggerListener.log Command line argument: -Dcatalina.base=/home/nchandra/tomcat
23-Feb-2018 20:06:11.914 INFO [main] org.apache.catalina.startup.VersionLoggerListener.log Command line argument: -Dcatalina.home=/home/nchandra/tomcat
23-Feb-2018 20:06:11.914 INFO [main] org.apache.catalina.startup.VersionLoggerListener.log Command line argument: -Djava.io.tmpdir=/home/nchandra/tomcat/temp
23-Feb-2018 20:06:11.914 INFO [main] org.apache.catalina.core.AprLifecycleListener.lifecycleEvent The APR based Apache Tomcat Native library which allows optimal performance in production environments was not found on the java.library.path: [/usr/java/packages/lib/amd64:/usr/lib64:/lib64:/lib:/usr/lib]
23-Feb-2018 20:06:11.976 INFO [main] org.apache.coyote.AbstractProtocol.init Initializing ProtocolHandler ["http-nio-8080"]
23-Feb-2018 20:06:11.985 INFO [main] org.apache.tomcat.util.net.NioSelectorPool.getSharedSelector Using a shared selector for servlet write/read
23-Feb-2018 20:06:11.990 INFO [main] org.apache.coyote.AbstractProtocol.init Initializing ProtocolHandler ["ajp-nio-8009"]
23-Feb-2018 20:06:11.991 INFO [main] org.apache.tomcat.util.net.NioSelectorPool.getSharedSelector Using a shared selector for servlet write/read
23-Feb-2018 20:06:11.992 INFO [main] org.apache.catalina.startup.Catalina.load Initialization processed in 345 ms
23-Feb-2018 20:06:12.008 INFO [main] org.apache.catalina.core.StandardService.startInternal Starting service [Catalina]
23-Feb-2018 20:06:12.009 INFO [main] org.apache.catalina.core.StandardEngine.startInternal Starting Servlet Engine: Apache Tomcat/9.0.5
23-Feb-2018 20:06:12.014 INFO [main] org.apache.catalina.startup.HostConfig.deployDirectory Deploying web application directory [/home/nchandra/tomcat/webapps/host-manager]
23-Feb-2018 20:06:12.229 INFO [main] org.apache.catalina.startup.HostConfig.deployDirectory Deployment of web application directory [/home/nchandra/tomcat/webapps/host-manager] has finished in [215] ms
23-Feb-2018 20:06:12.230 INFO [main] org.apache.catalina.startup.HostConfig.deployDirectory Deploying web application directory [/home/nchandra/tomcat/webapps/manager]
23-Feb-2018 20:06:12.243 INFO [main] org.apache.catalina.startup.HostConfig.deployDirectory Deployment of web application directory [/home/nchandra/tomcat/webapps/manager] has finished in [14] ms
23-Feb-2018 20:06:12.244 INFO [main] org.apache.catalina.startup.HostConfig.deployDirectory Deploying web application directory [/home/nchandra/tomcat/webapps/examples]
23-Feb-2018 20:06:12.393 INFO [main] org.apache.catalina.core.ApplicationContext.log ContextListener: contextInitialized()
23-Feb-2018 20:06:12.393 INFO [main] org.apache.catalina.core.ApplicationContext.log SessionListener: contextInitialized()
23-Feb-2018 20:06:12.394 INFO [main] org.apache.catalina.core.ApplicationContext.log ContextListener: attributeAdded('StockTicker', 'async.Stockticker@489115ef')
23-Feb-2018 20:06:12.398 INFO [main] org.apache.catalina.startup.HostConfig.deployDirectory Deployment of web application directory [/home/nchandra/tomcat/webapps/examples] has finished in [154] ms
23-Feb-2018 20:06:12.398 INFO [main] org.apache.catalina.startup.HostConfig.deployDirectory Deploying web application directory [/home/nchandra/tomcat/webapps/docs]
23-Feb-2018 20:06:12.407 INFO [main] org.apache.catalina.startup.HostConfig.deployDirectory Deployment of web application directory [/home/nchandra/tomcat/webapps/docs] has finished in [9] ms
23-Feb-2018 20:06:12.407 INFO [main] org.apache.catalina.startup.HostConfig.deployDirectory Deploying web application directory [/home/nchandra/tomcat/webapps/ROOT]
23-Feb-2018 20:06:12.416 INFO [main] org.apache.catalina.startup.HostConfig.deployDirectory Deployment of web application directory [/home/nchandra/tomcat/webapps/ROOT] has finished in [9] ms
23-Feb-2018 20:06:12.418 INFO [main] org.apache.coyote.AbstractProtocol.start Starting ProtocolHandler ["http-nio-8080"]
23-Feb-2018 20:06:12.424 INFO [main] org.apache.coyote.AbstractProtocol.start Starting ProtocolHandler ["ajp-nio-8009"]
23-Feb-2018 20:06:12.425 INFO [main] org.apache.catalina.startup.Catalina.start Server startup in 433 ms
23-Feb-2018 20:15:59.077 INFO [Thread-5] org.apache.coyote.AbstractProtocol.pause Pausing ProtocolHandler ["http-nio-8080"]
23-Feb-2018 20:15:59.130 INFO [Thread-5] org.apache.coyote.AbstractProtocol.pause Pausing ProtocolHandler ["ajp-nio-8009"]
23-Feb-2018 20:15:59.181 INFO [Thread-5] org.apache.catalina.core.StandardService.stopInternal Stopping service [Catalina]
23-Feb-2018 20:15:59.188 INFO [Thread-5] org.apache.catalina.core.ApplicationContext.log SessionListener: contextDestroyed()
23-Feb-2018 20:15:59.188 INFO [Thread-5] org.apache.catalina.core.ApplicationContext.log ContextListener: contextDestroyed()
23-Feb-2018 20:15:59.195 INFO [Thread-5] org.apache.coyote.AbstractProtocol.stop Stopping ProtocolHandler ["http-nio-8080"]
23-Feb-2018 20:15:59.198 INFO [Thread-5] org.apache.coyote.AbstractProtocol.stop Stopping ProtocolHandler ["ajp-nio-8009"]
23-Feb-2018 20:15:59.206 INFO [Thread-5] org.apache.coyote.AbstractProtocol.destroy Destroying ProtocolHandler ["http-nio-8080"]
23-Feb-2018 20:15:59.207 INFO [Thread-5] org.apache.coyote.AbstractProtocol.destroy Destroying ProtocolHandler ["ajp-nio-8009"]
